[INFO  2023-09-22T21:15:07,962 net.lightbody.bmp.proxy.Main] (main) Starting BrowserMob Proxy version 2.1.4 
[INFO  2023-09-22T21:15:08,111 org.eclipse.jetty.util.log] (main) jetty-7.x.y-SNAPSHOT 
[INFO  2023-09-22T21:15:08,217 org.eclipse.jetty.util.log] (main) started o.e.j.s.ServletContextHandler{/,null} 
[INFO  2023-09-22T21:15:08,627 org.eclipse.jetty.util.log] (main) Started SelectChannelConnector@0.0.0.0:8080 
[INFO  2023-09-22T21:15:11,594 org.littleshoot.proxy.impl.DefaultHttpProxyServer] (qtp229919394-22) Starting proxy at address: 0.0.0.0/0.0.0.0:8081 
[INFO  2023-09-22T21:15:11,651 org.littleshoot.proxy.impl.DefaultHttpProxyServer] (qtp229919394-22) Proxy listening with TCP transport 
[INFO  2023-09-22T21:15:11,829 org.littleshoot.proxy.impl.DefaultHttpProxyServer] (qtp229919394-22) Proxy started at address: /0:0:0:0:0:0:0:0:8081 
[WARN  2023-09-22T21:15:16,719 net.lightbody.bmp.filters.ServerResponseCaptureFilter] (LittleProxy-0-ProxyToServerWorker-2) Cannot decode unsupported content encoding type br 
[WARN  2023-09-22T21:15:16,720 net.lightbody.bmp.filters.HarCaptureFilter] (LittleProxy-0-ProxyToServerWorker-2) Unable to decompress content with encoding: br. Contents will be encoded as base64 binary data. 
[WARN  2023-09-22T21:15:17,435 net.lightbody.bmp.filters.ServerResponseCaptureFilter] (LittleProxy-0-ProxyToServerWorker-6) Cannot decode unsupported content encoding type br 
[WARN  2023-09-22T21:15:17,435 net.lightbody.bmp.filters.HarCaptureFilter] (LittleProxy-0-ProxyToServerWorker-6) Unable to decompress content with encoding: br. Contents will be encoded as base64 binary data. 
[WARN  2023-09-22T21:15:17,437 net.lightbody.bmp.filters.ServerResponseCaptureFilter] (LittleProxy-0-ProxyToServerWorker-5) Cannot decode unsupported content encoding type br 
[WARN  2023-09-22T21:15:17,438 net.lightbody.bmp.filters.HarCaptureFilter] (LittleProxy-0-ProxyToServerWorker-5) Unable to decompress content with encoding: br. Contents will be encoded as base64 binary data. 
[WARN  2023-09-22T21:15:17,590 net.lightbody.bmp.filters.ServerResponseCaptureFilter] (LittleProxy-0-ProxyToServerWorker-5) Cannot decode unsupported content encoding type br 
[WARN  2023-09-22T21:15:17,591 net.lightbody.bmp.filters.HarCaptureFilter] (LittleProxy-0-ProxyToServerWorker-5) Unable to decompress content with encoding: br. Contents will be encoded as base64 binary data. 
[WARN  2023-09-22T21:15:18,331 net.lightbody.bmp.filters.ServerResponseCaptureFilter] (LittleProxy-0-ProxyToServerWorker-2) Cannot decode unsupported content encoding type br 
[WARN  2023-09-22T21:15:18,333 net.lightbody.bmp.filters.HarCaptureFilter] (LittleProxy-0-ProxyToServerWorker-2) Unable to decompress content with encoding: br. Contents will be encoded as base64 binary data. 
[WARN  2023-09-22T21:15:18,568 net.lightbody.bmp.filters.ServerResponseCaptureFilter] (LittleProxy-0-ProxyToServerWorker-1) Cannot decode unsupported content encoding type br 
[WARN  2023-09-22T21:15:18,569 net.lightbody.bmp.filters.HarCaptureFilter] (LittleProxy-0-ProxyToServerWorker-1) Unable to decompress content with encoding: br. Contents will be encoded as base64 binary data. 
[WARN  2023-09-22T21:15:18,595 net.lightbody.bmp.filters.HarCaptureFilter] (LittleProxy-0-ProxyToServerWorker-2) No content type specified in response from /cdn-cgi/challenge-platform/scripts/jsd/main.js. Content will be treated as application/octet-stream 
[WARN  2023-09-22T21:15:18,643 net.lightbody.bmp.filters.ServerResponseCaptureFilter] (LittleProxy-0-ProxyToServerWorker-2) Cannot decode unsupported content encoding type br 
[WARN  2023-09-22T21:15:18,644 net.lightbody.bmp.filters.HarCaptureFilter] (LittleProxy-0-ProxyToServerWorker-2) Unable to decompress content with encoding: br. Contents will be encoded as base64 binary data. 
[WARN  2023-09-22T21:15:18,818 net.lightbody.bmp.filters.HarCaptureFilter] (LittleProxy-0-ProxyToServerWorker-2) No content type specified in response from /matomo.php?action_name=GlobalExam&idsite=2&rec=1&r=684584&h=21&m=15&s=18&url=https%3A%2F%2Fauth.global-exam.com%2Flogin&_id=8736a5121e9bf8e2&_idn=1&send_image=0&_refts=0&pdf=1&qt=0&realp=0&wma=0&fla=0&java=0&ag=0&cookie=1&res=1712x884&pv_id=Gavvby&pf_net=1273&pf_srv=118&pf_tfr=22&pf_dm1=1331&uadata=%7B%22fullVersionList%22%3A%5B%7B%22brand%22%3A%22Chromium%22%2C%22version%22%3A%22117.0.5938.92%22%7D%2C%7B%22brand%22%3A%22Not%3BA%3DBrand%22%2C%22version%22%3A%228.0.0.0%22%7D%5D%2C%22mobile%22%3Afalse%2C%22model%22%3A%22%22%2C%22platform%22%3A%22Linux%22%2C%22platformVersion%22%3A%225.10.0%22%7D. Content will be treated as application/octet-stream 
[WARN  2023-09-22T21:15:20,014 net.lightbody.bmp.filters.ServerResponseCaptureFilter] (LittleProxy-0-ProxyToServerWorker-0) Cannot decode unsupported content encoding type br 
[WARN  2023-09-22T21:15:20,015 net.lightbody.bmp.filters.HarCaptureFilter] (LittleProxy-0-ProxyToServerWorker-0) Unable to decompress content with encoding: br. Contents will be encoded as base64 binary data. 
[WARN  2023-09-22T21:15:20,250 net.lightbody.bmp.filters.ServerResponseCaptureFilter] (LittleProxy-0-ProxyToServerWorker-7) Cannot decode unsupported content encoding type br 
[WARN  2023-09-22T21:15:20,251 net.lightbody.bmp.filters.HarCaptureFilter] (LittleProxy-0-ProxyToServerWorker-7) Unable to decompress content with encoding: br. Contents will be encoded as base64 binary data. 
[WARN  2023-09-22T21:15:20,319 net.lightbody.bmp.filters.ServerResponseCaptureFilter] (LittleProxy-0-ProxyToServerWorker-7) Cannot decode unsupported content encoding type br 
[WARN  2023-09-22T21:15:20,324 net.lightbody.bmp.filters.HarCaptureFilter] (LittleProxy-0-ProxyToServerWorker-7) Unable to decompress content with encoding: br. Contents will be encoded as base64 binary data. 
[WARN  2023-09-22T21:15:20,550 net.lightbody.bmp.filters.ServerResponseCaptureFilter] (LittleProxy-0-ProxyToServerWorker-2) Cannot decode unsupported content encoding type br 
[WARN  2023-09-22T21:15:20,551 net.lightbody.bmp.filters.HarCaptureFilter] (LittleProxy-0-ProxyToServerWorker-2) Unable to decompress content with encoding: br. Contents will be encoded as base64 binary data. 
[WARN  2023-09-22T21:15:20,579 net.lightbody.bmp.filters.ServerResponseCaptureFilter] (LittleProxy-0-ProxyToServerWorker-2) Cannot decode unsupported content encoding type br 
[WARN  2023-09-22T21:15:20,584 net.lightbody.bmp.filters.HarCaptureFilter] (LittleProxy-0-ProxyToServerWorker-2) Unable to decompress content with encoding: br. Contents will be encoded as base64 binary data. 
[WARN  2023-09-22T21:15:20,643 net.lightbody.bmp.filters.ServerResponseCaptureFilter] (LittleProxy-0-ProxyToServerWorker-7) Cannot decode unsupported content encoding type br 
[WARN  2023-09-22T21:15:20,643 net.lightbody.bmp.filters.HarCaptureFilter] (LittleProxy-0-ProxyToServerWorker-7) Unable to decompress content with encoding: br. Contents will be encoded as base64 binary data. 
[WARN  2023-09-22T21:15:20,788 net.lightbody.bmp.filters.ServerResponseCaptureFilter] (LittleProxy-0-ProxyToServerWorker-6) Cannot decode unsupported content encoding type br 
[WARN  2023-09-22T21:15:20,793 net.lightbody.bmp.filters.HarCaptureFilter] (LittleProxy-0-ProxyToServerWorker-6) Unable to decompress content with encoding: br. Contents will be encoded as base64 binary data. 
[WARN  2023-09-22T21:15:20,858 net.lightbody.bmp.filters.ServerResponseCaptureFilter] (LittleProxy-0-ProxyToServerWorker-7) Cannot decode unsupported content encoding type br 
[WARN  2023-09-22T21:15:20,859 net.lightbody.bmp.filters.HarCaptureFilter] (LittleProxy-0-ProxyToServerWorker-7) Unable to decompress content with encoding: br. Contents will be encoded as base64 binary data. 
[WARN  2023-09-22T21:15:20,955 net.lightbody.bmp.filters.ServerResponseCaptureFilter] (LittleProxy-0-ProxyToServerWorker-7) Cannot decode unsupported content encoding type br 
[WARN  2023-09-22T21:15:20,955 net.lightbody.bmp.filters.HarCaptureFilter] (LittleProxy-0-ProxyToServerWorker-7) Unable to decompress content with encoding: br. Contents will be encoded as base64 binary data. 
[WARN  2023-09-22T21:15:20,961 net.lightbody.bmp.filters.ServerResponseCaptureFilter] (LittleProxy-0-ProxyToServerWorker-6) Cannot decode unsupported content encoding type br 
[WARN  2023-09-22T21:15:20,964 net.lightbody.bmp.filters.HarCaptureFilter] (LittleProxy-0-ProxyToServerWorker-6) Unable to decompress content with encoding: br. Contents will be encoded as base64 binary data. 
[WARN  2023-09-22T21:15:21,527 net.lightbody.bmp.filters.ServerResponseCaptureFilter] (LittleProxy-0-ProxyToServerWorker-1) Cannot decode unsupported content encoding type br 
[WARN  2023-09-22T21:15:21,528 net.lightbody.bmp.filters.HarCaptureFilter] (LittleProxy-0-ProxyToServerWorker-1) Unable to decompress content with encoding: br. Contents will be encoded as base64 binary data. 
[WARN  2023-09-22T21:15:21,815 net.lightbody.bmp.filters.HarCaptureFilter] (LittleProxy-0-ProxyToServerWorker-1) No content type specified in response from /p?key=fwgp8ygfyzxtorfu3r233&cuid=09821303-f51d-4432-8aa3-8cd1d42a2b99&ma_url=https%3A%2F%2Fauth.global-exam.com%2Flogin&email_id=%5Bobject%20HTMLInputElement%5D&sib_type=page&ma_title=GlobalExam&sib_name=GlobalExam&ma_referrer=&ma_path=%2Flogin. Content will be treated as application/octet-stream 
[WARN  2023-09-22T21:15:22,070 net.lightbody.bmp.filters.ServerResponseCaptureFilter] (LittleProxy-0-ProxyToServerWorker-4) Cannot decode unsupported content encoding type br 
[WARN  2023-09-22T21:15:22,071 net.lightbody.bmp.filters.HarCaptureFilter] (LittleProxy-0-ProxyToServerWorker-4) Unable to decompress content with encoding: br. Contents will be encoded as base64 binary data. 
[WARN  2023-09-22T21:15:22,135 net.lightbody.bmp.filters.ServerResponseCaptureFilter] (LittleProxy-0-ProxyToServerWorker-2) Cannot decode unsupported content encoding type br 
[WARN  2023-09-22T21:15:22,135 net.lightbody.bmp.filters.HarCaptureFilter] (LittleProxy-0-ProxyToServerWorker-2) Unable to decompress content with encoding: br. Contents will be encoded as base64 binary data. 
[WARN  2023-09-22T21:15:22,240 net.lightbody.bmp.filters.HarCaptureFilter] (LittleProxy-0-ProxyToServerWorker-2) No content type specified in response from /matomo.php?action_name=auth.global-exam.com%2FGlobalExam&idsite=2&rec=1&r=858232&h=21&m=15&s=19&url=https%3A%2F%2Fauth.global-exam.com%2Flogin&_id=723e40c69d8a1fb4&_idn=1&send_image=0&_refts=0&pdf=1&qt=0&realp=0&wma=0&fla=0&java=0&ag=0&cookie=1&res=1712x884&pv_id=GLlpYu&pf_net=1273&pf_srv=118&pf_tfr=22&pf_dm1=1331&uadata=%7B%22brands%22%3A%5B%7B%22brand%22%3A%22Chromium%22%2C%22version%22%3A%22117%22%7D%2C%7B%22brand%22%3A%22Not%3BA%3DBrand%22%2C%22version%22%3A%228%22%7D%5D%2C%22platform%22%3A%22Linux%22%7D. Content will be treated as application/octet-stream 
[WARN  2023-09-22T21:15:22,354 net.lightbody.bmp.filters.ServerResponseCaptureFilter] (LittleProxy-0-ProxyToServerWorker-5) Cannot decode unsupported content encoding type br 
[WARN  2023-09-22T21:15:22,360 net.lightbody.bmp.filters.HarCaptureFilter] (LittleProxy-0-ProxyToServerWorker-5) Unable to decompress content with encoding: br. Contents will be encoded as base64 binary data. 
[WARN  2023-09-22T21:15:22,517 net.lightbody.bmp.filters.HarCaptureFilter] (LittleProxy-0-ProxyToServerWorker-6) No content type specified in response from /cm?uuid=46c24d08-2831-4a2d-802c-32e97d94c95c&key=fwgp8ygfyzxtorfu3r233&cuid=09821303-f51d-4432-8aa3-8cd1d42a2b99. Content will be treated as application/octet-stream 
[WARN  2023-09-22T21:15:22,895 net.lightbody.bmp.filters.ServerResponseCaptureFilter] (LittleProxy-0-ProxyToServerWorker-7) Cannot decode unsupported content encoding type br 
[WARN  2023-09-22T21:15:22,896 net.lightbody.bmp.filters.HarCaptureFilter] (LittleProxy-0-ProxyToServerWorker-7) Unable to decompress content with encoding: br. Contents will be encoded as base64 binary data. 
[WARN  2023-09-22T21:15:23,149 net.lightbody.bmp.filters.ServerResponseCaptureFilter] (LittleProxy-0-ProxyToServerWorker-5) Cannot decode unsupported content encoding type br 
[WARN  2023-09-22T21:15:23,150 net.lightbody.bmp.filters.HarCaptureFilter] (LittleProxy-0-ProxyToServerWorker-5) Unable to decompress content with encoding: br. Contents will be encoded as base64 binary data. 
[WARN  2023-09-22T21:15:23,427 net.lightbody.bmp.filters.HarCaptureFilter] (LittleProxy-0-ProxyToServerWorker-4) No content type specified in response from /p/action/56278123.js. Content will be treated as application/octet-stream 
[WARN  2023-09-22T21:15:23,441 net.lightbody.bmp.filters.HarCaptureFilter] (LittleProxy-0-ProxyToServerWorker-1) No content type specified in response from /[https://ad.doubleclick.net/ddm/activity/gdpr=%7B%7BIAB_CONSENT_FLAG%7D](https://ad.doubleclick.net/ddm/activity/gdpr=%7B%7BIAB_CONSENT_FLAG%7D)%7D;gdpr_consent=;src=5213100;type=invmedia;cat=gluzqvus;dc_lat=;dc_rdid=;tag_for_child_directed_treatment=;tfua=;npa=;ord=1?. Content will be treated as application/octet-stream 
[WARN  2023-09-22T21:15:23,520 net.lightbody.bmp.filters.HarCaptureFilter] (LittleProxy-0-ProxyToServerWorker-4) No content type specified in response from /action/0?ti=56278123&Ver=2&mid=e84499ed-d322-4495-b68c-76c1325eaffa&sid=6061b610597c11eebf81df9ee09e7c38&vid=6061e140597c11ee866447eaeed69a73&vids=1&msclkid=N&pi=918639831&lg=fr-FR&sw=1712&sh=884&sc=24&nwd=1&tl=GlobalExam&p=https%3A%2F%2Fauth.global-exam.com%2Flogin&r=&lt=3242&evt=pageLoad&sv=1&rn=44615. Content will be treated as application/octet-stream 
[WARN  2023-09-22T21:15:23,707 net.lightbody.bmp.filters.HarCaptureFilter] (LittleProxy-0-ProxyToServerWorker-4) No content type specified in response from /action/0?ti=56278123&Ver=2&mid=e84499ed-d322-4495-b68c-76c1325eaffa&sid=6061b610597c11eebf81df9ee09e7c38&vid=6061e140597c11ee866447eaeed69a73&vids=0&msclkid=N&gtm_tag_source=ua_e&gc=EUR&tpp=1&ea=gtm.js&en=Y&p=https%3A%2F%2Fauth.global-exam.com%2Flogin&sw=1712&sh=884&sc=24&nwd=1&evt=custom&rn=696584. Content will be treated as application/octet-stream 
[WARN  2023-09-22T21:15:24,413 net.lightbody.bmp.filters.HarCaptureFilter] (LittleProxy-0-ClientToProxyWorker-4) No content type specified in request to /collect. Content will be treated as application/octet-stream 
[WARN  2023-09-22T21:15:24,436 net.lightbody.bmp.filters.HarCaptureFilter] (LittleProxy-0-ProxyToServerWorker-5) No content type specified in response from /sync?dsp_id=305&user_id=089e95913486e22e&expires=90&gdpr=&gdpr_consent=. Content will be treated as application/octet-stream 
[WARN  2023-09-22T21:15:24,575 net.lightbody.bmp.filters.HarCaptureFilter] (LittleProxy-0-ProxyToServerWorker-5) No content type specified in response from /ul_cb/sync?dsp_id=305&user_id=089e95913486e22e&expires=90&gdpr=&gdpr_consent=. Content will be treated as application/octet-stream 
[WARN  2023-09-22T21:15:24,680 net.lightbody.bmp.filters.HarCaptureFilter] (LittleProxy-0-ProxyToServerWorker-0) No content type specified in response from /collect. Content will be treated as application/octet-stream 
[WARN  2023-09-22T21:15:24,773 net.lightbody.bmp.filters.HarCaptureFilter] (LittleProxy-0-ProxyToServerWorker-4) No content type specified in response from /js/ax.php. Content will be treated as application/octet-stream 
[WARN  2023-09-22T21:15:24,820 net.lightbody.bmp.filters.ServerResponseCaptureFilter] (LittleProxy-0-ProxyToServerWorker-3) Cannot decode unsupported content encoding type br 
[WARN  2023-09-22T21:15:24,823 net.lightbody.bmp.filters.HarCaptureFilter] (LittleProxy-0-ProxyToServerWorker-3) Unable to decompress content with encoding: br. Contents will be encoded as base64 binary data. 
[WARN  2023-09-22T21:15:24,825 net.lightbody.bmp.filters.HarCaptureFilter] (LittleProxy-0-ClientToProxyWorker-1) No content type specified in request to /collect. Content will be treated as application/octet-stream 
[WARN  2023-09-22T21:15:24,909 net.lightbody.bmp.filters.HarCaptureFilter] (LittleProxy-0-ProxyToServerWorker-3) No content type specified in response from /ad/dst?a=6509&b=2&c=KrSNYeb2A9F0KKfLPWvF7qGT9cu2P8sT&e=71382&f=&g=&h=&i=&z=0&y=1&d=https%3A%2F%2Fauth.global-exam.com%2Flogin. Content will be treated as application/octet-stream 
[WARN  2023-09-22T21:15:24,952 net.lightbody.bmp.filters.ServerResponseCaptureFilter] (LittleProxy-0-ProxyToServerWorker-7) Cannot decode unsupported content encoding type br 
[WARN  2023-09-22T21:15:24,953 net.lightbody.bmp.filters.HarCaptureFilter] (LittleProxy-0-ProxyToServerWorker-7) Unable to decompress content with encoding: br. Contents will be encoded as base64 binary data. 
[WARN  2023-09-22T21:15:25,059 net.lightbody.bmp.filters.HarCaptureFilter] (LittleProxy-0-ProxyToServerWorker-6) No content type specified in response from /collect. Content will be treated as application/octet-stream 
[WARN  2023-09-22T21:15:25,373 net.lightbody.bmp.filters.HarCaptureFilter] (LittleProxy-0-ProxyToServerWorker-0) No content type specified in response from /redir/?partnerid=132&partneruserid=KrSNYeb2A9F0KKfLPWvF7qGT9cu2P8sT&gdpr=0&gdpr_consent=&redirurl=https%3A%2F%2Fas%2Ead4m%2Eat%2Fad%2Fdpe%3Fa%3DKrSNYeb2A9F0KKfLPWvF7qGT9cu2P8sT%26c%3D9%26b%3DSMART_USER_ID. Content will be treated as application/octet-stream 
[WARN  2023-09-22T21:15:25,389 net.lightbody.bmp.filters.HarCaptureFilter] (LittleProxy-0-ProxyToServerWorker-2) No content type specified in response from /collect?v=2&fmt=js&pid=3197788&time=1695410123224&url=https%3A%2F%2Fauth.global-exam.com%2Flogin. Content will be treated as application/octet-stream 
[WARN  2023-09-22T21:15:25,461 net.lightbody.bmp.filters.HarCaptureFilter] (LittleProxy-0-ProxyToServerWorker-3) No content type specified in response from /ad/dpe?b=CAESEEC2r94WCvsJjblvj9MluuM&a=KrSNYeb2A9F0KKfLPWvF7qGT9cu2P8sT&c=1&google_cver=1. Content will be treated as application/octet-stream 
[WARN  2023-09-22T21:15:25,512 net.lightbody.bmp.filters.HarCaptureFilter] (LittleProxy-0-ProxyToServerWorker-5) No content type specified in response from /rum?cm_dsp_id=5&external_user_id=KrSNYeb2A9F0KKfLPWvF7qGT9cu2P8sT. Content will be treated as application/octet-stream 
[WARN  2023-09-22T21:15:25,524 net.lightbody.bmp.filters.HarCaptureFilter] (LittleProxy-0-ProxyToServerWorker-3) No content type specified in response from /ad/dpe?a=KrSNYeb2A9F0KKfLPWvF7qGT9cu2P8sT&c=9&b=9023766756579509197&gdpr=0&gdpr_consent=. Content will be treated as application/octet-stream 
[WARN  2023-09-22T21:15:25,540 net.lightbody.bmp.filters.HarCaptureFilter] (LittleProxy-0-ProxyToServerWorker-7) No content type specified in response from /tpui?tpid=25&tpuid=KrSNYeb2A9F0KKfLPWvF7qGT9cu2P8sT&cburl=https%3A%2F%2Fas%2Ead4m%2Eat%2Fad%2Fdpe%3Fa%3DKrSNYeb2A9F0KKfLPWvF7qGT9cu2P8sT%26b%3D__ADSCALE_USER_ID__%26c%3D6. Content will be treated as application/octet-stream 
[WARN  2023-09-22T21:15:25,540 net.lightbody.bmp.filters.HarCaptureFilter] (LittleProxy-0-ProxyToServerWorker-2) No content type specified in response from /collect?v=2&fmt=js&pid=3197788&time=1695410123224&url=https%3A%2F%2Fauth.global-exam.com%2Flogin&cookiesTest=true. Content will be treated as application/octet-stream 
[WARN  2023-09-22T21:15:25,543 net.lightbody.bmp.filters.HarCaptureFilter] (LittleProxy-0-ProxyToServerWorker-2) No content type specified in response from /ad/dpe?a=KrSNYeb2A9F0KKfLPWvF7qGT9cu2P8sT&b=6c9b857554d7f84cf7e325f442fda87f6af3b7055510309c80a9abeb83f0d&c=7. Content will be treated as application/octet-stream 
[WARN  2023-09-22T21:15:25,575 net.lightbody.bmp.filters.HarCaptureFilter] (LittleProxy-0-ProxyToServerWorker-7) No content type specified in response from /tpui?tpid=25&tpuid=KrSNYeb2A9F0KKfLPWvF7qGT9cu2P8sT&cburl=https%3A%2F%2Fas%2Ead4m%2Eat%2Fad%2Fdpe%3Fa%3DKrSNYeb2A9F0KKfLPWvF7qGT9cu2P8sT%26b%3D__ADSCALE_USER_ID__%26c%3D6&nut&uu=feb998abd62c4ae0b10ff0b88374e0ce. Content will be treated as application/octet-stream 
[WARN  2023-09-22T21:15:25,910 net.lightbody.bmp.filters.ServerResponseCaptureFilter] (LittleProxy-0-ProxyToServerWorker-1) Cannot decode unsupported content encoding type br 
[WARN  2023-09-22T21:15:25,911 net.lightbody.bmp.filters.HarCaptureFilter] (LittleProxy-0-ProxyToServerWorker-1) Unable to decompress content with encoding: br. Contents will be encoded as base64 binary data. 
[WARN  2023-09-22T21:15:26,128 net.lightbody.bmp.filters.HarCaptureFilter] (LittleProxy-0-ProxyToServerWorker-1) No content type specified in response from /ad/dpe?a=KrSNYeb2A9F0KKfLPWvF7qGT9cu2P8sT&b=7f38f3b28a48ee3c073e6700fb40f6ddd580d12bcab482ab33d30f5b41bbc10e&c=6. Content will be treated as application/octet-stream 
[WARN  2023-09-22T21:15:26,552 net.lightbody.bmp.filters.HarCaptureFilter] (LittleProxy-0-ProxyToServerWorker-5) No content type specified in response from /js/ax.php. Content will be treated as application/octet-stream 
[WARN  2023-09-22T21:15:26,807 net.lightbody.bmp.filters.HarCaptureFilter] (LittleProxy-0-ProxyToServerWorker-6) No content type specified in response from /AdServer/Pug?vcode=bz0yJnR5cGU9MSZjb2RlPTM0MjkmdGw9MTI5NjAw&r=https%3A%2F%2Fas%2Ead4m%2Eat%2Fad%2Fdpe%3Fa%3DKrSNYeb2A9F0KKfLPWvF7qGT9cu2P8sT%26b%3D%24%7BPUBMATIC%5FUID%7D%26c%3D5. Content will be treated as application/octet-stream 
[WARN  2023-09-22T21:15:26,870 net.lightbody.bmp.filters.HarCaptureFilter] (LittleProxy-0-ProxyToServerWorker-6) No content type specified in response from /px/li_sync?redirect=https%3A%2F%2Fpx.ads.linkedin.com%2Fcollect%3Fv%3D2%26fmt%3Djs%26pid%3D3197788%26time%3D1695410123224%26url%3Dhttps%253A%252F%252Fauth.global-exam.com%252Flogin%26cookiesTest%3Dtrue%26liSync%3Dtrue. Content will be treated as application/octet-stream 
[WARN  2023-09-22T21:15:26,988 net.lightbody.bmp.filters.HarCaptureFilter] (LittleProxy-0-ProxyToServerWorker-6) No content type specified in response from /cart.d?pa=29789&target=1&transaction_amount=0&u=https%3A%2F%2Fauth.global-exam.com%2F&r=&is_client=0&rand=1695410124279204131. Content will be treated as application/octet-stream 
[WARN  2023-09-22T21:15:27,158 net.lightbody.bmp.filters.HarCaptureFilter] (LittleProxy-0-ProxyToServerWorker-6) No content type specified in response from /ad/dpe?a=KrSNYeb2A9F0KKfLPWvF7qGT9cu2P8sT&b=${PUBMATIC_UID}&c=5. Content will be treated as application/octet-stream 
[WARN  2023-09-22T21:15:27,266 net.lightbody.bmp.filters.HarCaptureFilter] (LittleProxy-0-ProxyToServerWorker-5) No content type specified in response from /cart.d?pa=29789&target=1&transaction_amount=0&u=https%3A%2F%2Fauth.global-exam.com%2F&r=&is_client=0&rand=1695410124279204131. Content will be treated as application/octet-stream 
[WARN  2023-09-22T21:15:27,774 net.lightbody.bmp.filters.HarCaptureFilter] (LittleProxy-0-ClientToProxyWorker-1) No content type specified in request to /collect. Content will be treated as application/octet-stream 
[WARN  2023-09-22T21:15:27,994 net.lightbody.bmp.filters.HarCaptureFilter] (LittleProxy-0-ProxyToServerWorker-6) No content type specified in response from /collect. Content will be treated as application/octet-stream 
[WARN  2023-09-22T21:15:28,142 net.lightbody.bmp.filters.HarCaptureFilter] (LittleProxy-0-ProxyToServerWorker-3) No content type specified in response from /c.gif. Content will be treated as application/octet-stream 
[WARN  2023-09-22T21:15:28,417 net.lightbody.bmp.filters.HarCaptureFilter] (LittleProxy-0-ProxyToServerWorker-6) No content type specified in response from /c.gif?ctsa=mr&CtsSyncId=3D1DA980A4B248E48407B9E4F9AA0BAE&RedC=c.clarity.ms&MXFR=1B410DC0D404637E3FD51E54D0046D2D. Content will be treated as application/octet-stream 
[WARN  2023-09-22T21:15:30,484 net.lightbody.bmp.filters.HarCaptureFilter] (LittleProxy-0-ProxyToServerWorker-0) No content type specified in response from /js/ax.php. Content will be treated as application/octet-stream 
[WARN  2023-09-22T21:15:30,940 net.lightbody.bmp.filters.HarCaptureFilter] (LittleProxy-0-ClientToProxyWorker-1) No content type specified in request to /collect. Content will be treated as application/octet-stream 
[WARN  2023-09-22T21:15:31,179 net.lightbody.bmp.filters.HarCaptureFilter] (LittleProxy-0-ProxyToServerWorker-6) No content type specified in response from /collect. Content will be treated as application/octet-stream 
[WARN  2023-09-22T21:15:33,131 net.lightbody.bmp.filters.HarCaptureFilter] (LittleProxy-0-ProxyToServerWorker-6) No content type specified in response from /js/ax.php. Content will be treated as application/octet-stream 
[WARN  2023-09-22T21:15:33,624 net.lightbody.bmp.filters.ServerResponseCaptureFilter] (LittleProxy-0-ProxyToServerWorker-1) Cannot decode unsupported content encoding type br 
[WARN  2023-09-22T21:15:33,625 net.lightbody.bmp.filters.HarCaptureFilter] (LittleProxy-0-ProxyToServerWorker-1) Unable to decompress content with encoding: br. Contents will be encoded as base64 binary data. 
[WARN  2023-09-22T21:15:33,947 net.lightbody.bmp.filters.ServerResponseCaptureFilter] (LittleProxy-0-ProxyToServerWorker-1) Cannot decode unsupported content encoding type br 
[WARN  2023-09-22T21:15:33,950 net.lightbody.bmp.filters.HarCaptureFilter] (LittleProxy-0-ProxyToServerWorker-1) Unable to decompress content with encoding: br. Contents will be encoded as base64 binary data. 
[WARN  2023-09-22T21:15:33,985 net.lightbody.bmp.filters.HarCaptureFilter] (LittleProxy-0-ProxyToServerWorker-3) No content type specified in response from /actionp/0?ti=56278123&Ver=2&mid=e84499ed-d322-4495-b68c-76c1325eaffa&sid=6061b610597c11eebf81df9ee09e7c38&vid=6061e140597c11ee866447eaeed69a73&vids=0&msclkid=N&evt=pageHide. Content will be treated as application/octet-stream 
[WARN  2023-09-22T21:15:34,103 net.lightbody.bmp.filters.HarCaptureFilter] (LittleProxy-0-ProxyToServerWorker-6) No content type specified in response from /collect. Content will be treated as application/octet-stream 
[WARN  2023-09-22T21:15:34,356 net.lightbody.bmp.filters.HarCaptureFilter] (LittleProxy-0-ProxyToServerWorker-6) No content type specified in response from /matomo.php?action_name=GlobalExam&idsite=2&rec=1&r=881741&h=21&m=15&s=34&url=https%3A%2F%2Fauth.global-exam.com%2Flogin&_id=8736a5121e9bf8e2&_idn=0&send_image=0&_refts=0&pdf=1&qt=0&realp=0&wma=0&fla=0&java=0&ag=0&cookie=1&res=1712x884&pv_id=LzsDo2&pf_net=0&pf_srv=87&pf_tfr=19&pf_dm1=77&uadata=%7B%22fullVersionList%22%3A%5B%7B%22brand%22%3A%22Chromium%22%2C%22version%22%3A%22117.0.5938.92%22%7D%2C%7B%22brand%22%3A%22Not%3BA%3DBrand%22%2C%22version%22%3A%228.0.0.0%22%7D%5D%2C%22mobile%22%3Afalse%2C%22model%22%3A%22%22%2C%22platform%22%3A%22Linux%22%2C%22platformVersion%22%3A%225.10.0%22%7D. Content will be treated as application/octet-stream 
[WARN  2023-09-22T21:15:34,500 net.lightbody.bmp.filters.HarCaptureFilter] (LittleProxy-0-ProxyToServerWorker-7) No content type specified in response from /sa.js?key=fwgp8ygfyzxtorfu3r233. Content will be treated as application/octet-stream 
[WARN  2023-09-22T21:15:34,502 net.lightbody.bmp.filters.ServerResponseCaptureFilter] (LittleProxy-0-ProxyToServerWorker-2) Cannot decode unsupported content encoding type br 
[WARN  2023-09-22T21:15:34,503 net.lightbody.bmp.filters.HarCaptureFilter] (LittleProxy-0-ProxyToServerWorker-2) Unable to decompress content with encoding: br. Contents will be encoded as base64 binary data. 
[WARN  2023-09-22T21:15:34,513 net.lightbody.bmp.filters.ServerResponseCaptureFilter] (LittleProxy-0-ProxyToServerWorker-0) Cannot decode unsupported content encoding type br 
[WARN  2023-09-22T21:15:34,513 net.lightbody.bmp.filters.HarCaptureFilter] (LittleProxy-0-ProxyToServerWorker-0) Unable to decompress content with encoding: br. Contents will be encoded as base64 binary data. 
[WARN  2023-09-22T21:15:34,536 net.lightbody.bmp.filters.ServerResponseCaptureFilter] (LittleProxy-0-ProxyToServerWorker-1) Cannot decode unsupported content encoding type br 
[WARN  2023-09-22T21:15:34,537 net.lightbody.bmp.filters.HarCaptureFilter] (LittleProxy-0-ProxyToServerWorker-1) Unable to decompress content with encoding: br. Contents will be encoded as base64 binary data. 
[WARN  2023-09-22T21:15:34,596 net.lightbody.bmp.filters.ServerResponseCaptureFilter] (LittleProxy-0-ProxyToServerWorker-1) Cannot decode unsupported content encoding type br 
[WARN  2023-09-22T21:15:34,596 net.lightbody.bmp.filters.HarCaptureFilter] (LittleProxy-0-ProxyToServerWorker-1) Unable to decompress content with encoding: br. Contents will be encoded as base64 binary data. 
[WARN  2023-09-22T21:15:34,940 net.lightbody.bmp.filters.HarCaptureFilter] (LittleProxy-0-ProxyToServerWorker-2) No content type specified in response from /mrrxpdtz.js. Content will be treated as application/octet-stream 
[WARN  2023-09-22T21:15:34,947 net.lightbody.bmp.filters.HarCaptureFilter] (LittleProxy-0-ProxyToServerWorker-7) No content type specified in response from /action/0?ti=56278123&tm=gtm002&Ver=2&mid=11dfe68c-5883-4d06-adb7-fceb5c3627c2&sid=6061b610597c11eebf81df9ee09e7c38&vid=6061e140597c11ee866447eaeed69a73&vids=0&msclkid=N&gtm_tag_source=1&pi=918639831&lg=fr-FR&sw=1712&sh=884&sc=24&nwd=1&tl=GlobalExam&p=https%3A%2F%2Fauth.global-exam.com%2Flogin&r=&lt=1160&evt=pageLoad&sv=1&rn=559267. Content will be treated as application/octet-stream 
[WARN  2023-09-22T21:15:34,975 net.lightbody.bmp.filters.HarCaptureFilter] (LittleProxy-0-ProxyToServerWorker-6) No content type specified in response from /action/0?ti=56278123&tm=gtm002&Ver=2&mid=11dfe68c-5883-4d06-adb7-fceb5c3627c2&sid=6061b610597c11eebf81df9ee09e7c38&vid=6061e140597c11ee866447eaeed69a73&vids=0&msclkid=N&gtm_tag_source=ua_e&gc=EUR&tpp=1&ea=gtm.js&en=Y&p=https%3A%2F%2Fauth.global-exam.com%2Flogin&sw=1712&sh=884&sc=24&nwd=1&evt=custom&rn=712614. Content will be treated as application/octet-stream 
[WARN  2023-09-22T21:15:35,024 net.lightbody.bmp.filters.ServerResponseCaptureFilter] (LittleProxy-0-ProxyToServerWorker-5) Cannot decode unsupported content encoding type br 
[WARN  2023-09-22T21:15:35,024 net.lightbody.bmp.filters.HarCaptureFilter] (LittleProxy-0-ProxyToServerWorker-5) Unable to decompress content with encoding: br. Contents will be encoded as base64 binary data. 
[WARN  2023-09-22T21:15:35,183 net.lightbody.bmp.filters.ServerResponseCaptureFilter] (LittleProxy-0-ProxyToServerWorker-4) Cannot decode unsupported content encoding type br 
[WARN  2023-09-22T21:15:35,183 net.lightbody.bmp.filters.HarCaptureFilter] (LittleProxy-0-ProxyToServerWorker-4) Unable to decompress content with encoding: br. Contents will be encoded as base64 binary data. 
[WARN  2023-09-22T21:15:35,272 net.lightbody.bmp.filters.HarCaptureFilter] (LittleProxy-0-ProxyToServerWorker-6) No content type specified in response from /matomo.php?action_name=auth.global-exam.com%2FGlobalExam&idsite=2&rec=1&r=112113&h=21&m=15&s=34&url=https%3A%2F%2Fauth.global-exam.com%2Flogin&_id=723e40c69d8a1fb4&_idn=0&send_image=0&_refts=0&pdf=1&qt=0&realp=0&wma=0&fla=0&java=0&ag=0&cookie=1&res=1712x884&pv_id=9RUyqA&pf_net=0&pf_srv=87&pf_tfr=19&pf_dm1=77&uadata=%7B%22brands%22%3A%5B%7B%22brand%22%3A%22Chromium%22%2C%22version%22%3A%22117%22%7D%2C%7B%22brand%22%3A%22Not%3BA%3DBrand%22%2C%22version%22%3A%228%22%7D%5D%2C%22platform%22%3A%22Linux%22%7D. Content will be treated as application/octet-stream 
[WARN  2023-09-22T21:15:35,489 net.lightbody.bmp.filters.HarCaptureFilter] (LittleProxy-0-ProxyToServerWorker-1) No content type specified in response from /actionp/0?ti=56278123&tm=gtm002&Ver=2&mid=11dfe68c-5883-4d06-adb7-fceb5c3627c2&sid=6061b610597c11eebf81df9ee09e7c38&vid=6061e140597c11ee866447eaeed69a73&vids=0&msclkid=N&evt=dedup. Content will be treated as application/octet-stream 
[WARN  2023-09-22T21:15:35,799 net.lightbody.bmp.filters.ServerResponseCaptureFilter] (LittleProxy-0-ProxyToServerWorker-0) Cannot decode unsupported content encoding type br 
[WARN  2023-09-22T21:15:35,800 net.lightbody.bmp.filters.HarCaptureFilter] (LittleProxy-0-ProxyToServerWorker-0) Unable to decompress content with encoding: br. Contents will be encoded as base64 binary data. 
[WARN  2023-09-22T21:15:35,865 net.lightbody.bmp.filters.ServerResponseCaptureFilter] (LittleProxy-0-ProxyToServerWorker-1) Cannot decode unsupported content encoding type br 
[WARN  2023-09-22T21:15:35,865 net.lightbody.bmp.filters.HarCaptureFilter] (LittleProxy-0-ProxyToServerWorker-1) Unable to decompress content with encoding: br. Contents will be encoded as base64 binary data. 
[WARN  2023-09-22T21:15:36,999 net.lightbody.bmp.filters.HarCaptureFilter] (LittleProxy-0-ProxyToServerWorker-5) No content type specified in response from /cart.d?pa=29789&target=1&transaction_amount=0&u=https%3A%2F%2Fauth.global-exam.com%2F&r=&is_client=0&rand=16954101362022650499. Content will be treated as application/octet-stream 
[WARN  2023-09-22T21:15:37,243 net.lightbody.bmp.filters.ServerResponseCaptureFilter] (LittleProxy-0-ProxyToServerWorker-3) Cannot decode unsupported content encoding type br 
[WARN  2023-09-22T21:15:37,244 net.lightbody.bmp.filters.HarCaptureFilter] (LittleProxy-0-ProxyToServerWorker-3) Unable to decompress content with encoding: br. Contents will be encoded as base64 binary data. 
[WARN  2023-09-22T21:15:37,458 net.lightbody.bmp.filters.HarCaptureFilter] (LittleProxy-0-ProxyToServerWorker-7) No content type specified in response from /js/ax.php. Content will be treated as application/octet-stream 
[WARN  2023-09-22T21:15:37,611 net.lightbody.bmp.filters.HarCaptureFilter] (LittleProxy-0-ProxyToServerWorker-2) No content type specified in response from /p?key=fwgp8ygfyzxtorfu3r233&cuid=09821303-f51d-4432-8aa3-8cd1d42a2b99&ma_url=https%3A%2F%2Fauth.global-exam.com%2Flogin&email_id=%5Bobject%20HTMLInputElement%5D&sib_type=page&ma_title=GlobalExam&sib_name=GlobalExam&ma_referrer=&ma_path=%2Flogin. Content will be treated as application/octet-stream 
[WARN  2023-09-22T21:15:37,692 net.lightbody.bmp.filters.HarCaptureFilter] (LittleProxy-0-ClientToProxyWorker-1) No content type specified in request to /collect. Content will be treated as application/octet-stream 
[WARN  2023-09-22T21:15:37,704 net.lightbody.bmp.filters.HarCaptureFilter] (LittleProxy-0-ProxyToServerWorker-0) No content type specified in response from /tk/pet.php. Content will be treated as application/octet-stream 
[WARN  2023-09-22T21:15:37,921 net.lightbody.bmp.filters.HarCaptureFilter] (LittleProxy-0-ProxyToServerWorker-6) No content type specified in response from /ad/dst?a=6509&b=2&c=KrSNYeb2A9F0KKfLPWvF7qGT9cu2P8sT&e=71382&f=&g=&h=&i=&z=0&y=1&d=https%3A%2F%2Fauth.global-exam.com%2Flogin. Content will be treated as application/octet-stream 
[WARN  2023-09-22T21:15:37,936 net.lightbody.bmp.filters.HarCaptureFilter] (LittleProxy-0-ProxyToServerWorker-6) No content type specified in response from /collect. Content will be treated as application/octet-stream 
[WARN  2023-09-22T21:15:37,951 net.lightbody.bmp.filters.HarCaptureFilter] (LittleProxy-0-ClientToProxyWorker-1) No content type specified in request to /collect. Content will be treated as application/octet-stream 
[WARN  2023-09-22T21:15:37,983 net.lightbody.bmp.filters.HarCaptureFilter] (LittleProxy-0-ProxyToServerWorker-5) No content type specified in response from /[https://ad.doubleclick.net/ddm/activity/gdpr=%7B%7BIAB_CONSENT_FLAG%7D](https://ad.doubleclick.net/ddm/activity/gdpr=%7B%7BIAB_CONSENT_FLAG%7D)%7D;gdpr_consent=;src=5213100;type=invmedia;cat=gluzqvus;dc_lat=;dc_rdid=;tag_for_child_directed_treatment=;tfua=;npa=;ord=1?. Content will be treated as application/octet-stream 
[WARN  2023-09-22T21:15:38,059 net.lightbody.bmp.filters.HarCaptureFilter] (LittleProxy-0-ProxyToServerWorker-6) No content type specified in response from /collect. Content will be treated as application/octet-stream 
[WARN  2023-09-22T21:15:38,569 net.lightbody.bmp.filters.HarCaptureFilter] (LittleProxy-0-ProxyToServerWorker-1) No content type specified in response from /actionp/0?ti=56278123&tm=gtm002&Ver=2&mid=11dfe68c-5883-4d06-adb7-fceb5c3627c2&sid=6061b610597c11eebf81df9ee09e7c38&vid=6061e140597c11ee866447eaeed69a73&vids=0&msclkid=N&evt=pageHide. Content will be treated as application/octet-stream 
[WARN  2023-09-22T21:15:38,729 net.lightbody.bmp.filters.HarCaptureFilter] (LittleProxy-0-ProxyToServerWorker-6) No content type specified in response from /collect. Content will be treated as application/octet-stream 
[INFO  2023-09-22T21:15:41,267 org.littleshoot.proxy.impl.DefaultHttpProxyServer] (LittleProxy-JVM-shutdown-hook) Shutting down proxy server immediately (non-graceful) 
